C51 COMPILER V9.59.0.0   SW                                                                04/10/2019 14:21:39 PAGE 1   


C51 COMPILER V9.59.0.0, COMPILATION OF MODULE SW
OBJECT MODULE PLACED IN sw.OBJ
COMPILER INVOKED BY: D:\Keil_v5\C51\BIN\C51.EXE sw.c OPTIMIZE(8,SPEED) DEBUG OBJECTEXTEND TABS(2)

line level    source

   1          #include <reg51.h> 
   2          
   3          #define uint unsigned int
   4          #define uchar unsigned char     //宏定义
   5          #define LCD1602 P0
   6          
   7          sbit SET=P1^0;          //定义调整键
   8          sbit ADD=P1^1;          //定义增加键
   9          sbit DEC=P1^2;          //定义减少键
  10          sbit BUZ =P1^5;         //定义蜂鸣器
  11          sbit ALAM=P1^6;       //定义灯光报警
  12          sbit ALAM1=P1^7;
  13          sbit DQ=P1^4;           //定义DS18B20总线I/O  
  14          sbit RS = P2^7;
  15          sbit EN = P2^6;
  16          
  17          bit shanshuo_st;          //闪烁间隔标志
  18          bit beep_st;            //蜂鸣器间隔标志
  19          
  20          uchar x=0;              //计数器
  21          uchar code tab1[]={"Now Tem:   .  C "};
  22          uchar code tab2[]={"TH:   C  TL:   C"};
  23          
  24          uint c;
  25          uchar Mode=0;           //状态标志
  26          
  27          signed char TH=40;      //上限报警温度，默认值为40
  28          signed char TL=30;      //下限报警温度，默认值为30
  29          //============================================================================================
  30          //====================================DS18B20=================================================
  31          //============================================================================================
  32          /*****延时子程序*****/
  33          void Delay_DS18B20(int num)
  34          {
  35   1        while(num--) ;
  36   1      }
  37          void delay(uint xms)//延时函数，有参函数
  38          {
  39   1        uint x,y;
  40   1        for(x=xms;x>0;x--)
  41   1         for(y=110;y>0;y--);
  42   1      }
  43          /*****初始化DS18B20*****/
  44          void Init_DS18B20(void)
  45          {
  46   1        unsigned char x=0;
  47   1        DQ = 1;         //DQ复位
  48   1        Delay_DS18B20(8);    //稍做延时
  49   1        DQ = 0;         //单片机将DQ拉低
  50   1        Delay_DS18B20(80);   //精确延时，大于480us
  51   1        DQ = 1;         //拉高总线
  52   1        Delay_DS18B20(14);
  53   1        x = DQ;           //稍做延时后，如果x=0则初始化成功，x=1则初始化失败
  54   1        Delay_DS18B20(20);
  55   1      }
C51 COMPILER V9.59.0.0   SW                                                                04/10/2019 14:21:39 PAGE 2   

  56          /*****读一个字节*****/
  57          unsigned char ReadOneChar(void)
  58          {
  59   1        unsigned char i=0;
  60   1        unsigned char dat = 0;
  61   1        for (i=8;i>0;i--)
  62   1        {
  63   2          DQ = 0;     // 给脉冲信号
  64   2          dat>>=1;
  65   2          DQ = 1;     // 给脉冲信号
  66   2          if(DQ)
  67   2          dat|=0x80;
  68   2          Delay_DS18B20(4);
  69   2        }
  70   1        return(dat);
  71   1      }
  72          /*****写一个字节*****/
  73          void WriteOneChar(unsigned char dat)
  74          {
  75   1        unsigned char i=0;
  76   1        for (i=8; i>0; i--)
  77   1        {
  78   2          DQ = 0;
  79   2          DQ = dat&0x01;
  80   2          Delay_DS18B20(5);
  81   2          DQ = 1;
  82   2          dat>>=1;
  83   2        }
  84   1      }
  85          /*****读取温度*****/
  86          unsigned int ReadTemperature(void)
  87          {
  88   1        unsigned char a=0;
  89   1        unsigned char b=0;
  90   1        unsigned int t=0;
  91   1        float tt=0;
  92   1        Init_DS18B20();
  93   1        WriteOneChar(0xCC);  //跳过读序号列号的操作
  94   1        WriteOneChar(0x44);  //启动温度转换
  95   1        Init_DS18B20();
  96   1        WriteOneChar(0xCC);  //跳过读序号列号的操作
  97   1        WriteOneChar(0xBE);  //读取温度寄存器
  98   1        a=ReadOneChar();     //读低8位
  99   1        b=ReadOneChar();    //读高8位
 100   1        t=b;
 101   1        t<<=8;
 102   1        t=t|a;
 103   1        tt=t*0.0625;
 104   1       // t= tt*10+0.5;     //放大10倍输出并四舍五入
 105   1        t= tt*10+0.5; 
 106   1        return(t);
 107   1      }
 108          
 109          /*****读取温度*****/
 110          void check_wendu(void)
 111          {
 112   1        c=ReadTemperature()-5;        //获取温度值并减去DS18B20的温漂误差
 113   1        if(c>1200)
 114   1        c=1200;
 115   1      }
 116          
 117          /********液晶写入指令函数与写入数据函数，以后可调用**************/
C51 COMPILER V9.59.0.0   SW                                                                04/10/2019 14:21:39 PAGE 3   

 118          
 119          void write_1602com(uchar com)//****液晶写入指令函数****
 120          {
 121   1        RS=0;//数据/指令选择置为指令
 122   1      //  rw=0; //读写选择置为写
 123   1        LCD1602=com;//送入数据
 124   1        delay(1);
 125   1        EN=1;//拉高使能端，为制造有效的下降沿做准备
 126   1        delay(1);
 127   1        EN=0;//en由高变低，产生下降沿，液晶执行命令
 128   1      }
 129          
 130          
 131          void write_1602dat(uchar dat)//***液晶写入数据函数****
 132          {
 133   1        RS=1;//数据/指令选择置为数据
 134   1      //  rw=0; //读写选择置为写
 135   1        LCD1602=dat;//送入数据
 136   1        delay(1);
 137   1        EN=1; //en置高电平，为制造下降沿做准备
 138   1        delay(1);
 139   1        EN=0; //en由高变低，产生下降沿，液晶执行命令
 140   1      }
 141          
 142          
 143          void lcd_init()//***液晶初始化函数****
 144          {
 145   1        uchar a;
 146   1        write_1602com(0x38);//设置液晶工作模式，意思：16*2行显示，5*7点阵，8位数据
 147   1        write_1602com(0x0c);//开显示不显示光标
 148   1        write_1602com(0x06);//整屏不移动，光标自动右移
 149   1        write_1602com(0x01);//清显示
 150   1      
 151   1        write_1602com(0x80);//日历显示固定符号从第一行第1个位置之后开始显示
 152   1        for(a=0;a<16;a++)
 153   1        {
 154   2          write_1602dat(tab1[a]);//向液晶屏写日历显示的固定符号部分
 155   2          delay(3);
 156   2        }
 157   1        write_1602com(0x80+0x40);//时间显示固定符号写入位置，从第2个位置后开始显示
 158   1        for(a=0;a<16;a++)
 159   1        {
 160   2          write_1602dat(tab2[a]);//写显示时间固定符号，两个冒号
 161   2          delay(3);
 162   2        }
 163   1      
 164   1      }
 165          
 166          void display()
 167          {
 168   1        if(Mode==0)
 169   1        {
 170   2          write_1602com(0x80+8);
 171   2          write_1602dat(c/1000+0x30);
 172   2          write_1602dat((c%1000)/100+0x30);
 173   2          write_1602dat(((c%1000)%100)/10+0x30);
 174   2          write_1602com(0x80+12);
 175   2          write_1602dat(((c%1000)%100)%10+0x30);
 176   2          write_1602com(0x80+13);
 177   2          write_1602dat(0xdf);
 178   2          write_1602com(0x80+0x40+3);
 179   2          write_1602dat(TH/10+0x30);
C51 COMPILER V9.59.0.0   SW                                                                04/10/2019 14:21:39 PAGE 4   

 180   2          write_1602dat(TH%10+0x30);
 181   2          write_1602dat(0xdf);
 182   2          write_1602com(0x80+0x40+12);
 183   2          write_1602dat(TL/10+0x30);
 184   2          write_1602dat(TL%10+0x30);
 185   2          write_1602dat(0xdf);      
 186   2        }                 
 187   1      }
 188          //=====================================================================================
 189          
 190          /*****初始化定时器0*****/
 191          void InitTimer(void)
 192          {
 193   1        TMOD=0x1;
 194   1        TH0=0x3c;
 195   1        TL0=0xb0;     //50ms（晶振12M）
 196   1        EA=1;      //全局中断开关
 197   1        TR0=1;
 198   1        ET0=1;      //开启定时器0
 199   1      }
 200          
 201          void KEY()
 202          {
 203   1            //功能键
 204   1        if(SET==0)
 205   1        {
 206   2          BUZ =0;
 207   2          delay(10);
 208   2          if(SET==0)
 209   2          {
 210   3            Mode++;
 211   3            if(Mode==3)
 212   3            Mode=0;
 213   3            BUZ =1;
 214   3          }
 215   2          while(SET==0)
 216   2          {
 217   3            if(Mode==0)
 218   3              {
 219   4              //  write_1602com(0x80+0x40+6);
 220   4                write_1602com(0x0c);
 221   4              } 
 222   3            else if(Mode==1)
 223   3              {
 224   4                write_1602com(0x80+0x40+4);
 225   4                write_1602com(0x0f);
 226   4              } 
 227   3            else
 228   3              {
 229   4                write_1602com(0x80+0x40+13);
 230   4                write_1602com(0x0f);
 231   4              }             
 232   3          }
 233   2        }
 234   1        //增加
 235   1        if(ADD==0&&Mode==1)
 236   1        {
 237   2          BUZ =0;
 238   2          delay(10);
 239   2          if(ADD==0)  
 240   2          {
 241   3            TH++;
C51 COMPILER V9.59.0.0   SW                                                                04/10/2019 14:21:39 PAGE 5   

 242   3            if(TH>=99)  
 243   3            TH=99;
 244   3            write_1602com(0x80+0x40+3);
 245   3            write_1602dat(TH/10+0x30);
 246   3            write_1602dat(TH%10+0x30);
 247   3            write_1602com(0x80+0x40+4); 
 248   3            BUZ =1;
 249   3          }
 250   2          while(ADD==0);
 251   2          
 252   2        }
 253   1        //减少
 254   1        if(DEC==0&&Mode==1)
 255   1        {
 256   2          BUZ =0;
 257   2          delay(10);
 258   2          if(DEC==0)
 259   2          {
 260   3            TH--;
 261   3            if(TH==TL)  
 262   3            TH=TL+1;
 263   3            write_1602com(0x80+0x40+3);
 264   3            write_1602dat(TH/10+0x30);
 265   3            write_1602dat(TH%10+0x30);
 266   3            write_1602com(0x80+0x40+4); 
 267   3            BUZ =1;
 268   3          }
 269   2          while(DEC==0);
 270   2        }
 271   1        if(ADD==0&&Mode==2)
 272   1        {
 273   2          BUZ =0;
 274   2          delay(10);
 275   2          if(ADD==0)  
 276   2          {
 277   3            TL++;
 278   3            if(TL==TH)  
 279   3            TL=TH-1;
 280   3            write_1602com(0x80+0x40+12);
 281   3            write_1602dat(TL/10+0x30);
 282   3            write_1602dat(TL%10+0x30);
 283   3            write_1602com(0x80+0x40+13);  
 284   3            BUZ =1;
 285   3          }
 286   2          while(ADD==0);
 287   2          
 288   2        }
 289   1        //减少
 290   1        if(DEC==0&&Mode==2)
 291   1        {
 292   2          BUZ =0;
 293   2          delay(10);
 294   2          if(DEC==0)
 295   2          {
 296   3            TL--;
 297   3            if(TL<=0) 
 298   3            TL=0;
 299   3            write_1602com(0x80+0x40+12);
 300   3            write_1602dat(TL/10+0x30);
 301   3            write_1602dat(TL%10+0x30);
 302   3            write_1602com(0x80+0x40+13);  
 303   3            BUZ =1;
C51 COMPILER V9.59.0.0   SW                                                                04/10/2019 14:21:39 PAGE 6   

 304   3          }
 305   2          while(DEC==0);    
 306   2        }
 307   1      }
 308          
 309          /*****报警子程序*****/
 310          void Alarm()
 311          {
 312   1        if(x>=10){beep_st=~beep_st;x=0;}
 313   1        if(Mode==0)
 314   1        {
 315   2          if((c/10)>=TH)
 316   2          {
 317   3            ALAM=0;
 318   3            ALAM1=1;
 319   3            if(beep_st==1)
 320   3            BUZ =0;
 321   3            else
 322   3            BUZ =1;
 323   3          }
 324   2          else if((c/10)<TL)
 325   2          {
 326   3            ALAM1=0;
 327   3            ALAM=1;
 328   3            if(beep_st==1)
 329   3            BUZ =0;
 330   3            else
 331   3            BUZ =1;
 332   3          }
 333   2          else
 334   2          {
 335   3            BUZ =1;
 336   3            ALAM=1;
 337   3            ALAM1=1;    
 338   3          }
 339   2        }
 340   1        else
 341   1        {
 342   2          BUZ =1;
 343   2          ALAM=1;
 344   2          ALAM1=1;
 345   2        }
 346   1      }
 347          
 348          /*****主函数*****/
 349          void main(void)
 350          {
 351   1        uint z;
 352   1        delay(1);
 353   1        lcd_init();
 354   1        delay(1);
 355   1        InitTimer();    //初始化定时器
 356   1        
 357   1        for(z=0;z<100;z++)
 358   1        {
 359   2          check_wendu();
 360   2          delay(1);        
 361   2        } 
 362   1        while(1)
 363   1        {
 364   2          
 365   2          display();
C51 COMPILER V9.59.0.0   SW                                                                04/10/2019 14:21:39 PAGE 7   

 366   2          KEY();
 367   2          Alarm(); 
 368   2          check_wendu();
 369   2        }
 370   1      }
 371          
 372          /*****定时器0中断服务程序*****/
 373          void timer0(void) interrupt 1
 374          {
 375   1       TH0=0x3c;
 376   1       TL0=0xb0;
 377   1       x++;
 378   1      }


MODULE INFORMATION:   STATIC OVERLAYABLE
   CODE SIZE        =   1119    ----
   CONSTANT SIZE    =     34    ----
   XDATA SIZE       =   ----    ----
   PDATA SIZE       =   ----    ----
   DATA SIZE        =      6       6
   IDATA SIZE       =   ----    ----
   BIT SIZE         =      2    ----
END OF MODULE INFORMATION.


C51 COMPILATION COMPLETE.  0 WARNING(S),  0 ERROR(S)
